# JRE version: Java(TM) SE Runtime Environment (8.0_25-b18) (build 1.8.0_25-b18)
# Java VM: Java HotSpot(TM) 64-Bit Server VM (25.25-b02 mixed mode windows-amd64 compressed oops)
Heap:
 PSYoungGen      total 1252352K, used 45587K [0x000000076ab00000, 0x00000007be780000, 0x00000007c0000000)
  eden space 1141248K, 3% used [0x000000076ab00000,0x000000076d186810,0x00000007b0580000)
  from space 111104K, 5% used [0x00000007b0580000,0x00000007b0b7e6e0,0x00000007b7200000)
  to   space 103936K, 0% used [0x00000007b8200000,0x00000007b8200000,0x00000007be780000)
 ParOldGen       total 1183232K, used 761222K [0x00000006c0000000, 0x0000000708380000, 0x000000076ab00000)
  object space 1183232K, 64% used [0x00000006c0000000,0x00000006ee761880,0x0000000708380000)
 Metaspace       used 136794K, capacity 137703K, committed 138712K, reserved 1167360K
  class space    used 19952K, capacity 20215K, committed 20224K, reserved 1048576K
GC Heap History (10 events):
Event: 175.527 GC heap before
{Heap before GC invocations=70 (full 9):
 PSYoungGen      total 1203200K, used 1080296K [0x000000076ab00000, 0x00000007bdb80000, 0x00000007c0000000)
  eden space 1071616K, 100% used [0x000000076ab00000,0x00000007ac180000,0x00000007ac180000)
  from space 131584K, 6% used [0x00000007b5b00000,0x00000007b637a218,0x00000007bdb80000)
  to   space 144384K, 0% used [0x00000007ac180000,0x00000007ac180000,0x00000007b4e80000)
 ParOldGen       total 1183232K, used 756193K [0x00000006c0000000, 0x0000000708380000, 0x000000076ab00000)
  object space 1183232K, 63% used [0x00000006c0000000,0x00000006ee278730,0x0000000708380000)
 Metaspace       used 136418K, capacity 137243K, committed 138200K, reserved 1167360K
  class space    used 19946K, capacity 20213K, committed 20224K, reserved 1048576K
Event: 175.536 GC heap after
Heap after GC invocations=70 (full 9):
 PSYoungGen      total 1216000K, used 6352K [0x000000076ab00000, 0x00000007bfb80000, 0x00000007c0000000)
  eden space 1071616K, 0% used [0x000000076ab00000,0x000000076ab00000,0x00000007ac180000)
  from space 144384K, 4% used [0x00000007ac180000,0x00000007ac7b4050,0x00000007b4e80000)
  to   space 135680K, 0% used [0x00000007b7700000,0x00000007b7700000,0x00000007bfb80000)
 ParOldGen       total 1183232K, used 756201K [0x00000006c0000000, 0x0000000708380000, 0x000000076ab00000)
  object space 1183232K, 63% used [0x00000006c0000000,0x00000006ee27a730,0x0000000708380000)
 Metaspace       used 136418K, capacity 137243K, committed 138200K, reserved 1167360K
  class space    used 19946K, capacity 20213K, committed 20224K, reserved 1048576K
}
Event: 184.101 GC heap before
{Heap before GC invocations=71 (full 9):
 PSYoungGen      total 1216000K, used 1077968K [0x000000076ab00000, 0x00000007bfb80000, 0x00000007c0000000)
  eden space 1071616K, 100% used [0x000000076ab00000,0x00000007ac180000,0x00000007ac180000)
  from space 144384K, 4% used [0x00000007ac180000,0x00000007ac7b4050,0x00000007b4e80000)
  to   space 135680K, 0% used [0x00000007b7700000,0x00000007b7700000,0x00000007bfb80000)
 ParOldGen       total 1183232K, used 756201K [0x00000006c0000000, 0x0000000708380000, 0x000000076ab00000)
  object space 1183232K, 63% used [0x00000006c0000000,0x00000006ee27a730,0x0000000708380000)
 Metaspace       used 136497K, capacity 137307K, committed 138200K, reserved 1167360K
  class space    used 19946K, capacity 20213K, committed 20224K, reserved 1048576K
Event: 184.109 GC heap after
Heap after GC invocations=71 (full 9):
 PSYoungGen      total 1222656K, used 6664K [0x000000076ab00000, 0x00000007be180000, 0x00000007c0000000)
  eden space 1113600K, 0% used [0x000000076ab00000,0x000000076ab00000,0x00000007aea80000)
  from space 109056K, 6% used [0x00000007b7700000,0x00000007b7d821f8,0x00000007be180000)
  to   space 126464K, 0% used [0x00000007aea80000,0x00000007aea80000,0x00000007b6600000)
 ParOldGen       total 1183232K, used 757603K [0x00000006c0000000, 0x0000000708380000, 0x000000076ab00000)
  object space 1183232K, 64% used [0x00000006c0000000,0x00000006ee3d8dd0,0x0000000708380000)
 Metaspace       used 136497K, capacity 137307K, committed 138200K, reserved 1167360K
  class space    used 19946K, capacity 20213K, committed 20224K, reserved 1048576K
}
Event: 231.310 GC heap before
{Heap before GC invocations=72 (full 9):
 PSYoungGen      total 1222656K, used 1120264K [0x000000076ab00000, 0x00000007be180000, 0x00000007c0000000)
  eden space 1113600K, 100% used [0x000000076ab00000,0x00000007aea80000,0x00000007aea80000)
  from space 109056K, 6% used [0x00000007b7700000,0x00000007b7d821f8,0x00000007be180000)
  to   space 126464K, 0% used [0x00000007aea80000,0x00000007aea80000,0x00000007b6600000)
 ParOldGen       total 1183232K, used 757603K [0x00000006c0000000, 0x0000000708380000, 0x000000076ab00000)
  object space 1183232K, 64% used [0x00000006c0000000,0x00000006ee3d8dd0,0x0000000708380000)
 Metaspace       used 136524K, capacity 137371K, committed 138456K, reserved 1167360K
  class space    used 19947K, capacity 20213K, committed 20224K, reserved 1048576K
Event: 231.323 GC heap after
Heap after GC invocations=72 (full 9):
 PSYoungGen      total 1240064K, used 5496K [0x000000076ab00000, 0x00000007bf480000, 0x00000007c0000000)
  eden space 1113600K, 0% used [0x000000076ab00000,0x000000076ab00000,0x00000007aea80000)
  from space 126464K, 4% used [0x00000007aea80000,0x00000007aefde1b8,0x00000007b6600000)
  to   space 118784K, 0% used [0x00000007b8080000,0x00000007b8080000,0x00000007bf480000)
 ParOldGen       total 1183232K, used 758859K [0x00000006c0000000, 0x0000000708380000, 0x000000076ab00000)
  object space 1183232K, 64% used [0x00000006c0000000,0x00000006ee512df0,0x0000000708380000)
 Metaspace       used 136524K, capacity 137371K, committed 138456K, reserved 1167360K
  class space    used 19947K, capacity 20213K, committed 20224K, reserved 1048576K
}
Event: 275.485 GC heap before
{Heap before GC invocations=73 (full 9):
 PSYoungGen      total 1240064K, used 1119096K [0x000000076ab00000, 0x00000007bf480000, 0x00000007c0000000)
  eden space 1113600K, 100% used [0x000000076ab00000,0x00000007aea80000,0x00000007aea80000)
  from space 126464K, 4% used [0x00000007aea80000,0x00000007aefde1b8,0x00000007b6600000)
  to   space 118784K, 0% used [0x00000007b8080000,0x00000007b8080000,0x00000007bf480000)
 ParOldGen       total 1183232K, used 758859K [0x00000006c0000000, 0x0000000708380000, 0x000000076ab00000)
  object space 1183232K, 64% used [0x00000006c0000000,0x00000006ee512df0,0x0000000708380000)
 Metaspace       used 136532K, capacity 137371K, committed 138456K, reserved 1167360K
  class space    used 19948K, capacity 20213K, committed 20224K, reserved 1048576K
Event: 275.494 GC heap after
Heap after GC invocations=73 (full 9):
 PSYoungGen      total 1237504K, used 4472K [0x000000076ab00000, 0x00000007bde80000, 0x00000007c0000000)
  eden space 1141248K, 0% used [0x000000076ab00000,0x000000076ab00000,0x00000007b0580000)
  from space 96256K, 4% used [0x00000007b8080000,0x00000007b84de1b8,0x00000007bde80000)
  to   space 111104K, 0% used [0x00000007b0580000,0x00000007b0580000,0x00000007b7200000)
 ParOldGen       total 1183232K, used 760731K [0x00000006c0000000, 0x0000000708380000, 0x000000076ab00000)
  object space 1183232K, 64% used [0x00000006c0000000,0x00000006ee6e6fb0,0x0000000708380000)
 Metaspace       used 136532K, capacity 137371K, committed 138456K, reserved 1167360K
  class space    used 19948K, capacity 20213K, committed 20224K, reserved 1048576K
}
Event: 305.095 GC heap before
{Heap before GC invocations=74 (full 9):
 PSYoungGen      total 1237504K, used 1145720K [0x000000076ab00000, 0x00000007bde80000, 0x00000007c0000000)
  eden space 1141248K, 100% used [0x000000076ab00000,0x00000007b0580000,0x00000007b0580000)
  from space 96256K, 4% used [0x00000007b8080000,0x00000007b84de1b8,0x00000007bde80000)
  to   space 111104K, 0% used [0x00000007b0580000,0x00000007b0580000,0x00000007b7200000)
 ParOldGen       total 1183232K, used 760731K [0x00000006c0000000, 0x0000000708380000, 0x000000076ab00000)
  object space 1183232K, 64% used [0x00000006c0000000,0x00000006ee6e6fb0,0x0000000708380000)
 Metaspace       used 136777K, capacity 137703K, committed 138712K, reserved 1167360K
  class space    used 19951K, capacity 20215K, committed 20224K, reserved 1048576K
Event: 305.118 GC heap after
Heap after GC invocations=74 (full 9):
 PSYoungGen      total 1252352K, used 6137K [0x000000076ab00000, 0x00000007be780000, 0x00000007c0000000)
  eden space 1141248K, 0% used [0x000000076ab00000,0x000000076ab00000,0x00000007b0580000)
  from space 111104K, 5% used [0x00000007b0580000,0x00000007b0b7e6e0,0x00000007b7200000)
  to   space 103936K, 0% used [0x00000007b8200000,0x00000007b8200000,0x00000007be780000)
 ParOldGen       total 1183232K, used 761222K [0x00000006c0000000, 0x0000000708380000, 0x000000076ab00000)
  object space 1183232K, 64% used [0x00000006c0000000,0x00000006ee761880,0x0000000708380000)
 Metaspace       used 136777K, capacity 137703K, committed 138712K, reserved 1167360K
  class space    used 19951K, capacity 20215K, committed 20224K, reserved 1048576K
}

